#
# There is insufficient memory for the Java Runtime Environment to continue.
# Native memory allocation (malloc) failed to allocate 1129984 bytes for Chunk::new
# Possible reasons:
#   The system is out of physical RAM or swap space
#   The process is running with CompressedOops enabled, and the Java Heap may be blocking the growth of the native heap
# Possible solutions:
#   Reduce memory load on the system
#   Increase physical memory or swap space
#   Check if swap backing store is full
#   Decrease Java heap size (-Xmx/-Xms)
#   Decrease number of Java threads
#   Decrease Java thread stack sizes (-Xss)
#   Set larger code cache with -XX:ReservedCodeCacheSize=
#   JVM is running with Unscaled Compressed Oops mode in which the Java heap is
#     placed in the first 4GB address space. The Java Heap base address is the
#     maximum limit for the native heap growth. Please use -XX:HeapBaseMinAddress
#     to set the Java Heap base and to place the Java Heap above 4GB virtual address.
# This output file may be truncated or incomplete.
#
#  Out of Memory Error (allocation.cpp:389), pid=17024, tid=0x00000000000041b4
#
# JRE version: OpenJDK Runtime Environment (8.0) (build 1.8.0-25-microsoft-b00)
# Java VM: OpenJDK 64-Bit Server VM (25.71-b00 mixed mode windows-amd64 compressed oops)
# Failed to write core dump. Minidumps are not enabled by default on client versions of Windows
#

---------------  T H R E A D  ---------------

Current thread (0x0000000019c44000):  JavaThread "C2 CompilerThread2" daemon [_thread_in_native, id=16820, stack(0x000000001a700000,0x000000001a800000)]

Stack: [0x000000001a700000,0x000000001a800000]
[error occurred during error reporting (printing stack bounds), id 0xc0000005]

Native frames: (J=compiled Java code, j=interpreted, Vv=VM code, C=native code)


Current CompileTask:
C2:  12039 2618       4       com.sun.tools.javac.comp.Check::checkType (188 bytes)


---------------  P R O C E S S  ---------------

Java Threads: ( => current thread )
  0x0000000019cc5000 JavaThread "Service Thread" daemon [_thread_blocked, id=18500, stack(0x000000001a900000,0x000000001aa00000)]
  0x0000000019c4a000 JavaThread "C1 CompilerThread3" daemon [_thread_blocked, id=7820, stack(0x000000001a800000,0x000000001a900000)]
=>0x0000000019c44000 JavaThread "C2 CompilerThread2" daemon [_thread_in_native, id=16820, stack(0x000000001a700000,0x000000001a800000)]
  0x0000000019c33800 JavaThread "C2 CompilerThread1" daemon [_thread_in_native, id=19284, stack(0x000000001a600000,0x000000001a700000)]
  0x0000000019c31800 JavaThread "C2 CompilerThread0" daemon [_thread_blocked, id=17548, stack(0x000000001a500000,0x000000001a600000)]
  0x0000000019c2f000 JavaThread "Attach Listener" daemon [_thread_blocked, id=11512, stack(0x000000001a400000,0x000000001a500000)]
  0x0000000019c2e000 JavaThread "Signal Dispatcher" daemon [_thread_blocked, id=15796, stack(0x000000001a300000,0x000000001a400000)]
  0x000000000330e800 JavaThread "Finalizer" daemon [_thread_blocked, id=3504, stack(0x000000001a100000,0x000000001a200000)]
  0x0000000003307800 JavaThread "Reference Handler" daemon [_thread_blocked, id=19048, stack(0x000000001a000000,0x000000001a100000)]
  0x000000000320e000 JavaThread "main" [_thread_blocked, id=15664, stack(0x0000000003060000,0x0000000003160000)]

Other Threads:
  0x0000000017e38800 VMThread [stack: 0x0000000019b00000,0x0000000019c00000] [id=2988]
  0x0000000019cc5800 WatcherThread [stack: 0x000000001aa00000,0x000000001ab00000] [id=2628]

VM state:at safepoint (normal execution)

VM Mutex/Monitor currently owned by a thread:  ([mutex/lock_event])
[0x000000000320d890] Threads_lock - owner thread: 0x0000000017e38800
[0x000000000320ce10] Heap_lock - owner thread: 0x000000000320e000

heap address: 0x0000000089000000, size: 1904 MB, Compressed Oops mode: 32-bit
Narrow klass base: 0x0000000000000000, Narrow klass shift: 3
Compressed class space size: 1073741824 Address: 0x0000000100000000

Heap:
 PSYoungGen      total 19968K, used 16896K [0x00000000d8580000, 0x00000000da200000, 0x0000000100000000)
  eden space 16896K, 100% used [0x00000000d8580000,0x00000000d9600000,0x00000000d9600000)
  from space 3072K, 0% used [0x00000000d9c00000,0x00000000d9c00000,0x00000000d9f00000)
  to   space 2560K, 0% used [0x00000000d9f80000,0x00000000d9f80000,0x00000000da200000)
 ParOldGen       total 18432K, used 18057K [0x0000000089000000, 0x000000008a200000, 0x00000000d8580000)
  object space 18432K, 97% used [0x0000000089000000,0x000000008a1a2650,0x000000008a200000)
 Metaspace       used 9633K, capacity 10196K, committed 10496K, reserved 1058816K
  class space    used 967K, capacity 976K, committed 1024K, reserved 1048576K

Card table byte_map: [0x00000000126d0000,0x0000000012a90000] byte_map_base: 0x0000000012288000

Marking Bits: (ParMarkBitMap*) 0x0000000052968f30
 Begin Bits: [0x0000000013510000, 0x00000000152d0000)
 End Bits:   [0x00000000152d0000, 0x0000000017090000)

Polling page: 0x00000000017d0000

CodeCache: size=245760Kb used=9789Kb max_used=9789Kb free=235970Kb
 bounds [0x0000000003310000, 0x0000000003cb0000, 0x0000000012310000]
 total_blobs=2611 nmethods=2314 adapters=209
 compilation: enabled

Compilation events (10 events):
Event: 12.008 Thread 0x0000000019c4a000 2805       1       com.sun.tools.javac.comp.Resolve$InapplicableMethodException::setMessage (7 bytes)
Event: 12.008 Thread 0x0000000019c4a000 nmethod 2805 0x0000000003caae50 code [0x0000000003caafa0, 0x0000000003cab0d0]
Event: 12.008 Thread 0x0000000019c4a000 2808       1       com.sun.tools.javac.code.Type$TypeVar::getTag (4 bytes)
Event: 12.008 Thread 0x0000000019c4a000 nmethod 2808 0x0000000003cab150 code [0x0000000003cab2a0, 0x0000000003cab3b0]
Event: 12.008 Thread 0x0000000019c4a000 2807       2       com.sun.tools.javac.code.Scope::dup (9 bytes)
Event: 12.008 Thread 0x0000000019c4a000 nmethod 2807 0x0000000003cab410 code [0x0000000003cab580, 0x0000000003cab708]
Event: 12.008 Thread 0x0000000019c4a000 2806       2       java.io.OutputStream::<init> (5 bytes)
Event: 12.008 Thread 0x0000000019c4a000 nmethod 2806 0x0000000003cab790 code [0x0000000003cab8e0, 0x0000000003caba30]
Event: 12.009 Thread 0x0000000019c4a000 2809       1       com.sun.tools.javac.comp.Resolve$InterfaceLookupPhase$2::update (2 bytes)
Event: 12.009 Thread 0x0000000019c4a000 nmethod 2809 0x0000000003cabad0 code [0x0000000003cabc20, 0x0000000003cabd30]

GC Heap History (10 events):
Event: 10.571 GC heap after
Heap after GC invocations=76 (full 67):
 PSYoungGen      total 19968K, used 14465K [0x00000000d8580000, 0x00000000da200000, 0x0000000100000000)
  eden space 16896K, 85% used [0x00000000d8580000,0x00000000d93a04a0,0x00000000d9600000)
  from space 3072K, 0% used [0x00000000d9c00000,0x00000000d9c00000,0x00000000d9f00000)
  to   space 2560K, 0% used [0x00000000d9f80000,0x00000000d9f80000,0x00000000da200000)
 ParOldGen       total 18432K, used 17924K [0x0000000089000000, 0x000000008a200000, 0x00000000d8580000)
  object space 18432K, 97% used [0x0000000089000000,0x000000008a1811e0,0x000000008a200000)
 Metaspace       used 9172K, capacity 9812K, committed 9984K, reserved 1058816K
  class space    used 966K, capacity 976K, committed 1024K, reserved 1048576K
}
Event: 10.645 GC heap before
{Heap before GC invocations=77 (full 68):
 PSYoungGen      total 19968K, used 16896K [0x00000000d8580000, 0x00000000da200000, 0x0000000100000000)
  eden space 16896K, 100% used [0x00000000d8580000,0x00000000d9600000,0x00000000d9600000)
  from space 3072K, 0% used [0x00000000d9c00000,0x00000000d9c00000,0x00000000d9f00000)
  to   space 2560K, 0% used [0x00000000d9f80000,0x00000000d9f80000,0x00000000da200000)
 ParOldGen       total 18432K, used 17924K [0x0000000089000000, 0x000000008a200000, 0x00000000d8580000)
  object space 18432K, 97% used [0x0000000089000000,0x000000008a1811e0,0x000000008a200000)
 Metaspace       used 9220K, capacity 9876K, committed 9984K, reserved 1058816K
  class space    used 966K, capacity 976K, committed 1024K, reserved 1048576K
Event: 10.775 GC heap after
Heap after GC invocations=77 (full 68):
 PSYoungGen      total 19968K, used 12315K [0x00000000d8580000, 0x00000000da200000, 0x0000000100000000)
  eden space 16896K, 72% used [0x00000000d8580000,0x00000000d9186e20,0x00000000d9600000)
  from space 3072K, 0% used [0x00000000d9c00000,0x00000000d9c00000,0x00000000d9f00000)
  to   space 2560K, 0% used [0x00000000d9f80000,0x00000000d9f80000,0x00000000da200000)
 ParOldGen       total 18432K, used 18157K [0x0000000089000000, 0x000000008a200000, 0x00000000d8580000)
  object space 18432K, 98% used [0x0000000089000000,0x000000008a1bb718,0x000000008a200000)
 Metaspace       used 9220K, capacity 9876K, committed 9984K, reserved 1058816K
  class space    used 966K, capacity 976K, committed 1024K, reserved 1048576K
}
Event: 10.953 GC heap before
{Heap before GC invocations=78 (full 69):
 PSYoungGen      total 19968K, used 16896K [0x00000000d8580000, 0x00000000da200000, 0x0000000100000000)
  eden space 16896K, 100% used [0x00000000d8580000,0x00000000d9600000,0x00000000d9600000)
  from space 3072K, 0% used [0x00000000d9c00000,0x00000000d9c00000,0x00000000d9f00000)
  to   space 2560K, 0% used [0x00000000d9f80000,0x00000000d9f80000,0x00000000da200000)
 ParOldGen       total 18432K, used 18157K [0x0000000089000000, 0x000000008a200000, 0x00000000d8580000)
  object space 18432K, 98% used [0x0000000089000000,0x000000008a1bb718,0x000000008a200000)
 Metaspace       used 9259K, capacity 9876K, committed 9984K, reserved 1058816K
  class space    used 966K, capacity 976K, committed 1024K, reserved 1048576K
Event: 11.048 GC heap after
Heap after GC invocations=78 (full 69):
 PSYoungGen      total 19968K, used 9096K [0x00000000d8580000, 0x00000000da200000, 0x0000000100000000)
  eden space 16896K, 53% used [0x00000000d8580000,0x00000000d8e62230,0x00000000d9600000)
  from space 3072K, 0% used [0x00000000d9c00000,0x00000000d9c00000,0x00000000d9f00000)
  to   space 2560K, 0% used [0x00000000d9f80000,0x00000000d9f80000,0x00000000da200000)
 ParOldGen       total 18432K, used 18382K [0x0000000089000000, 0x000000008a200000, 0x00000000d8580000)
  object space 18432K, 99% used [0x0000000089000000,0x000000008a1f3a48,0x000000008a200000)
 Metaspace       used 9259K, capacity 9876K, committed 9984K, reserved 1058816K
  class space    used 966K, capacity 976K, committed 1024K, reserved 1048576K
}
Event: 11.332 GC heap before
{Heap before GC invocations=79 (full 70):
 PSYoungGen      total 19968K, used 16896K [0x00000000d8580000, 0x00000000da200000, 0x0000000100000000)
  eden space 16896K, 100% used [0x00000000d8580000,0x00000000d9600000,0x00000000d9600000)
  from space 3072K, 0% used [0x00000000d9c00000,0x00000000d9c00000,0x00000000d9f00000)
  to   space 2560K, 0% used [0x00000000d9f80000,0x00000000d9f80000,0x00000000da200000)
 ParOldGen       total 18432K, used 18382K [0x0000000089000000, 0x000000008a200000, 0x00000000d8580000)
  object space 18432K, 99% used [0x0000000089000000,0x000000008a1f3a48,0x000000008a200000)
 Metaspace       used 9434K, capacity 10068K, committed 10240K, reserved 1058816K
  class space    used 966K, capacity 976K, committed 1024K, reserved 1048576K
Event: 11.487 GC heap after
Heap after GC invocations=79 (full 70):
 PSYoungGen      total 19968K, used 10155K [0x00000000d8580000, 0x00000000da200000, 0x0000000100000000)
  eden space 16896K, 60% used [0x00000000d8580000,0x00000000d8f6ac38,0x00000000d9600000)
  from space 3072K, 0% used [0x00000000d9c00000,0x00000000d9c00000,0x00000000d9f00000)
  to   space 2560K, 0% used [0x00000000d9f80000,0x00000000d9f80000,0x00000000da200000)
 ParOldGen       total 18432K, used 18250K [0x0000000089000000, 0x000000008a200000, 0x00000000d8580000)
  object space 18432K, 99% used [0x0000000089000000,0x000000008a1d2bb0,0x000000008a200000)
 Metaspace       used 9434K, capacity 10068K, committed 10240K, reserved 1058816K
  class space    used 966K, capacity 976K, committed 1024K, reserved 1048576K
}
Event: 11.731 GC heap before
{Heap before GC invocations=80 (full 71):
 PSYoungGen      total 19968K, used 16896K [0x00000000d8580000, 0x00000000da200000, 0x0000000100000000)
  eden space 16896K, 100% used [0x00000000d8580000,0x00000000d9600000,0x00000000d9600000)
  from space 3072K, 0% used [0x00000000d9c00000,0x00000000d9c00000,0x00000000d9f00000)
  to   space 2560K, 0% used [0x00000000d9f80000,0x00000000d9f80000,0x00000000da200000)
 ParOldGen       total 18432K, used 18250K [0x0000000089000000, 0x000000008a200000, 0x00000000d8580000)
  object space 18432K, 99% used [0x0000000089000000,0x000000008a1d2bb0,0x000000008a200000)
 Metaspace       used 9584K, capacity 10196K, committed 10496K, reserved 1058816K
  class space    used 967K, capacity 976K, committed 1024K, reserved 1048576K
Event: 11.861 GC heap after
Heap after GC invocations=80 (full 71):
 PSYoungGen      total 19968K, used 10814K [0x00000000d8580000, 0x00000000da200000, 0x0000000100000000)
  eden space 16896K, 64% used [0x00000000d8580000,0x00000000d900fab8,0x00000000d9600000)
  from space 3072K, 0% used [0x00000000d9c00000,0x00000000d9c00000,0x00000000d9f00000)
  to   space 2560K, 0% used [0x00000000d9f80000,0x00000000d9f80000,0x00000000da200000)
 ParOldGen       total 18432K, used 18057K [0x0000000089000000, 0x000000008a200000, 0x00000000d8580000)
  object space 18432K, 97% used [0x0000000089000000,0x000000008a1a2650,0x000000008a200000)
 Metaspace       used 9584K, capacity 10196K, committed 10496K, reserved 1058816K
  class space    used 967K, capacity 976K, committed 1024K, reserved 1048576K
}
Event: 12.010 GC heap before
{Heap before GC invocations=81 (full 72):
 PSYoungGen      total 19968K, used 16896K [0x00000000d8580000, 0x00000000da200000, 0x0000000100000000)
  eden space 16896K, 100% used [0x00000000d8580000,0x00000000d9600000,0x00000000d9600000)
  from space 3072K, 0% used [0x00000000d9c00000,0x00000000d9c00000,0x00000000d9f00000)
  to   space 2560K, 0% used [0x00000000d9f80000,0x00000000d9f80000,0x00000000da200000)
 ParOldGen       total 18432K, used 18057K [0x0000000089000000, 0x000000008a200000, 0x00000000d8580000)
  object space 18432K, 97% used [0x0000000089000000,0x000000008a1a2650,0x000000008a200000)
 Metaspace       used 9633K, capacity 10196K, committed 10496K, reserved 1058816K
  class space    used 967K, capacity 976K, committed 1024K, reserved 1048576K

Deoptimization events (10 events):
Event: 11.147 Thread 0x000000000320e000 Uncommon trap: reason=bimorphic action=maybe_recompile pc=0x00000000035ebce4 method=com.sun.tools.javac.code.Types$SameTypeVisitor.visitType(Lcom/sun/tools/javac/code/Type;Lcom/sun/tools/javac/code/Type;)Ljava/lang/Boolean; @ 11
Event: 11.147 Thread 0x000000000320e000 Uncommon trap: reason=bimorphic action=maybe_recompile pc=0x00000000035ebce4 method=com.sun.tools.javac.code.Types$SameTypeVisitor.visitType(Lcom/sun/tools/javac/code/Type;Lcom/sun/tools/javac/code/Type;)Ljava/lang/Boolean; @ 11
Event: 11.147 Thread 0x000000000320e000 Uncommon trap: reason=bimorphic action=maybe_recompile pc=0x0000000003a19834 method=com.sun.tools.javac.code.Types$SameTypeVisitor.visitType(Lcom/sun/tools/javac/code/Type;Lcom/sun/tools/javac/code/Type;)Ljava/lang/Boolean; @ 11
Event: 11.148 Thread 0x000000000320e000 Uncommon trap: reason=unstable_if action=reinterpret pc=0x000000000353d1a0 method=com.sun.tools.javac.comp.Lower.boxIfNeeded(Lcom/sun/tools/javac/tree/JCTree;Lcom/sun/tools/javac/code/Type;)Lcom/sun/tools/javac/tree/JCTree; @ 13
Event: 11.149 Thread 0x000000000320e000 Uncommon trap: reason=class_check action=maybe_recompile pc=0x000000000350dc2c method=com.sun.tools.javac.comp.Check.checkType(Lcom/sun/tools/javac/util/JCDiagnostic$DiagnosticPosition;Lcom/sun/tools/javac/code/Type;Lcom/sun/tools/javac/code/Type;Lcom/sun
Event: 11.160 Thread 0x000000000320e000 Uncommon trap: reason=class_check action=maybe_recompile pc=0x000000000350dc2c method=com.sun.tools.javac.comp.Check.checkType(Lcom/sun/tools/javac/util/JCDiagnostic$DiagnosticPosition;Lcom/sun/tools/javac/code/Type;Lcom/sun/tools/javac/code/Type;Lcom/sun
Event: 11.160 Thread 0x000000000320e000 Uncommon trap: reason=class_check action=maybe_recompile pc=0x000000000353bbd4 method=com.sun.tools.javac.comp.Check.checkConflicts(Lcom/sun/tools/javac/util/JCDiagnostic$DiagnosticPosition;Lcom/sun/tools/javac/code/Symbol;Lcom/sun/tools/javac/code/Symbol
Event: 11.160 Thread 0x000000000320e000 Uncommon trap: reason=class_check action=maybe_recompile pc=0x000000000353bbd4 method=com.sun.tools.javac.comp.Check.checkConflicts(Lcom/sun/tools/javac/util/JCDiagnostic$DiagnosticPosition;Lcom/sun/tools/javac/code/Symbol;Lcom/sun/tools/javac/code/Symbol
Event: 11.205 Thread 0x000000000320e000 Uncommon trap: reason=class_check action=maybe_recompile pc=0x000000000350da3c method=com.sun.tools.javac.code.Types.isAssignable(Lcom/sun/tools/javac/code/Type;Lcom/sun/tools/javac/code/Type;Lcom/sun/tools/javac/util/Warner;)Z @ 26
Event: 11.511 Thread 0x000000000320e000 Uncommon trap: reason=class_check action=maybe_recompile pc=0x000000000374eb64 method=com.sun.tools.javac.comp.Check.checkDeprecated(Lcom/sun/tools/javac/util/JCDiagnostic$DiagnosticPosition;Lcom/sun/tools/javac/code/Symbol;Lcom/sun/tools/javac/code/Symbo

Classes redefined (0 events):
No events

Internal exceptions (10 events):
Event: 0.066 Thread 0x000000000320e000 Exception <a 'java/lang/NoSuchMethodError': Method sun.misc.Unsafe.prefetchRead(Ljava/lang/Object;J)V name or signature does not match> (0x00000000d8587fc0) thrown at [D:\j\worksp~1\openjd~3\jdk8u\hotspot\src\share\vm\prims\jni.cpp, line 4012]
Event: 0.240 Thread 0x000000000320e000 Exception <a 'java/security/PrivilegedActionException'> (0x00000000d86f4fd0) thrown at [D:\j\worksp~1\openjd~3\jdk8u\hotspot\src\share\vm\prims\jvm.cpp, line 1508]
Event: 0.240 Thread 0x000000000320e000 Exception <a 'java/security/PrivilegedActionException'> (0x00000000d86f53c8) thrown at [D:\j\worksp~1\openjd~3\jdk8u\hotspot\src\share\vm\prims\jvm.cpp, line 1508]
Event: 0.241 Thread 0x000000000320e000 Exception <a 'java/security/PrivilegedActionException'> (0x00000000d86f98d0) thrown at [D:\j\worksp~1\openjd~3\jdk8u\hotspot\src\share\vm\prims\jvm.cpp, line 1508]
Event: 0.241 Thread 0x000000000320e000 Exception <a 'java/security/PrivilegedActionException'> (0x00000000d86f9cc8) thrown at [D:\j\worksp~1\openjd~3\jdk8u\hotspot\src\share\vm\prims\jvm.cpp, line 1508]
Event: 0.241 Thread 0x000000000320e000 Exception <a 'java/security/PrivilegedActionException'> (0x00000000d86fb5f0) thrown at [D:\j\worksp~1\openjd~3\jdk8u\hotspot\src\share\vm\prims\jvm.cpp, line 1508]
Event: 0.241 Thread 0x000000000320e000 Exception <a 'java/security/PrivilegedActionException'> (0x00000000d86fb9e8) thrown at [D:\j\worksp~1\openjd~3\jdk8u\hotspot\src\share\vm\prims\jvm.cpp, line 1508]
Event: 0.252 Thread 0x000000000320e000 Exception <a 'java/security/PrivilegedActionException'> (0x00000000d85892d0) thrown at [D:\j\worksp~1\openjd~3\jdk8u\hotspot\src\share\vm\prims\jvm.cpp, line 1508]
Event: 0.252 Thread 0x000000000320e000 Exception <a 'java/security/PrivilegedActionException'> (0x00000000d85b26c0) thrown at [D:\j\worksp~1\openjd~3\jdk8u\hotspot\src\share\vm\prims\jvm.cpp, line 1508]
Event: 8.775 Thread 0x000000000320e000 Implicit null exception at 0x0000000003a54d52 to 0x0000000003a54dae

Events (10 events):
Event: 11.331 Executing VM operation: ParallelGCFailedAllocation
Event: 11.487 Executing VM operation: ParallelGCFailedAllocation done
Event: 11.511 Thread 0x000000000320e000 Uncommon trap: trap_request=0xffffffde fr.pc=0x000000000374eb64
Event: 11.511 Thread 0x000000000320e000 DEOPT PACKING pc=0x000000000374eb64 sp=0x000000000315e8f0
Event: 11.511 Thread 0x000000000320e000 DEOPT UNPACKING pc=0x000000000335557b sp=0x000000000315e888 mode 2
Event: 11.616 Thread 0x000000000320e000 DEOPT PACKING pc=0x00000000039edf50 sp=0x000000000315ec00
Event: 11.616 Thread 0x000000000320e000 DEOPT UNPACKING pc=0x00000000033575d0 sp=0x000000000315e8e8 mode 0
Event: 11.731 Executing VM operation: ParallelGCFailedAllocation
Event: 11.861 Executing VM operation: ParallelGCFailedAllocation done
Event: 12.010 Executing VM operation: ParallelGCFailedAllocation


Dynamic libraries:
0x00007ff7887b0000 - 0x00007ff7887b7000 	C:\Program Files\Android\Jdk\microsoft_dist_openjdk_1.8.0.25\bin\javac.exe
0x00007ffaabf40000 - 0x00007ffaac130000 	C:\Windows\SYSTEM32\ntdll.dll
0x00007ffaaaa80000 - 0x00007ffaaab32000 	C:\Windows\System32\KERNEL32.DLL
0x00007ffaa9910000 - 0x00007ffaa9bb5000 	C:\Windows\System32\KERNELBASE.dll
0x00007ffaa0ca0000 - 0x00007ffaa0ccf000 	C:\Program Files\Android\Jdk\microsoft_dist_openjdk_1.8.0.25\bin\jli.dll
0x0000000052ad0000 - 0x0000000052ba1000 	C:\Program Files\Android\Jdk\microsoft_dist_openjdk_1.8.0.25\bin\MSVCR100.dll
0x00007ffaaa280000 - 0x00007ffaaa323000 	C:\Windows\System32\ADVAPI32.dll
0x00007ffaaab40000 - 0x00007ffaaabde000 	C:\Windows\System32\msvcrt.dll
0x00007ffaaa590000 - 0x00007ffaaa627000 	C:\Windows\System32\sechost.dll
0x00007ffaaa630000 - 0x00007ffaaa74f000 	C:\Windows\System32\RPCRT4.dll
0x00007ffaab3f0000 - 0x00007ffaab584000 	C:\Windows\System32\USER32.dll
0x00007ffaa9bc0000 - 0x00007ffaa9be1000 	C:\Windows\System32\win32u.dll
0x00007ffa92a30000 - 0x00007ffa92cb4000 	C:\Windows\WinSxS\amd64_microsoft.windows.common-controls_6595b64144ccf1df_6.0.18362.1440_none_9e7dbfb9e45e8e67\COMCTL32.dll
0x00007ffaaa560000 - 0x00007ffaaa586000 	C:\Windows\System32\GDI32.dll
0x00007ffaab5a0000 - 0x00007ffaab8d6000 	C:\Windows\System32\combase.dll
0x00007ffaa9630000 - 0x00007ffaa97c8000 	C:\Windows\System32\gdi32full.dll
0x00007ffaa9e50000 - 0x00007ffaa9f4a000 	C:\Windows\System32\ucrtbase.dll
0x00007ffaa9bf0000 - 0x00007ffaa9c8e000 	C:\Windows\System32\msvcp_win.dll
0x00007ffaa9880000 - 0x00007ffaa9901000 	C:\Windows\System32\bcryptPrimitives.dll
0x00007ffaaabe0000 - 0x00007ffaaac0e000 	C:\Windows\System32\IMM32.DLL
0x00000000529f0000 - 0x0000000052ac1000 	C:\Program Files\Android\Jdk\microsoft_dist_openjdk_1.8.0.25\jre\bin\msvcr100.dll
0x00000000521a0000 - 0x00000000529e5000 	C:\Program Files\Android\Jdk\microsoft_dist_openjdk_1.8.0.25\jre\bin\server\jvm.dll
0x00007ffaaaa00000 - 0x00007ffaaaa08000 	C:\Windows\System32\PSAPI.DLL
0x00007ffaa6b50000 - 0x00007ffaa6b59000 	C:\Windows\SYSTEM32\WSOCK32.dll
0x00007ffaa6570000 - 0x00007ffaa6594000 	C:\Windows\SYSTEM32\WINMM.dll
0x00007ffaa1640000 - 0x00007ffaa164a000 	C:\Windows\SYSTEM32\VERSION.dll
0x00007ffaaaa10000 - 0x00007ffaaaa7f000 	C:\Windows\System32\WS2_32.dll
0x00007ffaa6330000 - 0x00007ffaa635d000 	C:\Windows\SYSTEM32\WINMMBASE.dll
0x00007ffaa9fa0000 - 0x00007ffaa9fea000 	C:\Windows\System32\cfgmgr32.dll
0x00007ffaa54f0000 - 0x00007ffaa54ff000 	C:\Program Files\Android\Jdk\microsoft_dist_openjdk_1.8.0.25\jre\bin\verify.dll
0x00007ffaa0c70000 - 0x00007ffaa0c99000 	C:\Program Files\Android\Jdk\microsoft_dist_openjdk_1.8.0.25\jre\bin\java.dll
0x00007ffaa0b30000 - 0x00007ffaa0b46000 	C:\Program Files\Android\Jdk\microsoft_dist_openjdk_1.8.0.25\jre\bin\zip.dll
0x00007ffaaaca0000 - 0x00007ffaab388000 	C:\Windows\System32\SHELL32.dll
0x00007ffaaa3e0000 - 0x00007ffaaa487000 	C:\Windows\System32\shcore.dll
0x00007ffaa8eb0000 - 0x00007ffaa962b000 	C:\Windows\System32\windows.storage.dll
0x00007ffaa8e20000 - 0x00007ffaa8e3e000 	C:\Windows\System32\profapi.dll
0x00007ffaa8e60000 - 0x00007ffaa8eaa000 	C:\Windows\System32\powrprof.dll
0x00007ffaa8df0000 - 0x00007ffaa8e00000 	C:\Windows\System32\UMPDC.dll
0x00007ffaab390000 - 0x00007ffaab3e2000 	C:\Windows\System32\shlwapi.dll
0x00007ffaa8e40000 - 0x00007ffaa8e51000 	C:\Windows\System32\kernel.appcore.dll
0x00007ffaa9f80000 - 0x00007ffaa9f97000 	C:\Windows\System32\cryptsp.dll

VM Arguments:
jvm_args: -Dapplication.home=C:\Program Files\Android\Jdk\microsoft_dist_openjdk_1.8.0.25 -Xms8m -Dfile.encoding=UTF8 
java_command: com.sun.tools.javac.Main @C:\Users\darau\AppData\Local\Temp\tmpA2BA.tmp -target 1.8 -source 1.8
java_class_path (initial): C:\Program Files\Android\Jdk\microsoft_dist_openjdk_1.8.0.25/lib/tools.jar;C:\Program Files\Android\Jdk\microsoft_dist_openjdk_1.8.0.25/classes
Launcher Type: SUN_STANDARD

Environment Variables:
PATH=C:\Program Files\Android\Jdk\microsoft_dist_openjdk_1.8.0.25\bin;C:\Program Files (x86)\Common Files\Oracle\Java\javapath;C:\Windows\system32;C:\Windows;C:\Windows\System32\Wbem;C:\Windows\System32\WindowsPowerShell\v1.0\;C:\Windows\System32\OpenSSH\;D:\Apps\Git\cmd;D:\Apps\Matlab\bin;C:\Program Files\dotnet\;C:\Users\darau\AppData\Local\Microsoft\WindowsApps;;D:\Apps\Microsoft VS Code\bin;C:\Users\darau\.dotnet\tools
USERNAME=darau
OS=Windows_NT
PROCESSOR_IDENTIFIER=Intel64 Family 6 Model 142 Stepping 10, GenuineIntel



---------------  S Y S T E M  ---------------

OS: Windows 10.0 , 64 bit Build 18362 (10.0.18362.1350)

CPU:total 8 (initial active 8) (4 cores per cpu, 2 threads per core) family 6 model 142 stepping 10, cmov, cx8, fxsr, mmx, sse, sse2, sse3, ssse3, sse4.1, sse4.2, popcnt, avx, avx2, aes, clmul, erms, 3dnowpref, lzcnt, ht, tsc, tscinvbit, bmi1, bmi2, adx

Memory: 4k page, physical 7793800k(530724k free), swap 15291908k(6140k free)

vm_info: OpenJDK 64-Bit Server VM (25.71-b00) for windows-amd64 JRE (1.8.0-25-microsoft-b00), built on Feb  7 2019 20:09:14 by "builder" with MS VC++ 10.0 (VS2010)

time: Sat Mar 20 16:19:46 2021
timezone: GTB Standard Time
elapsed time: 12 seconds (0d 0h 0m 12s)

