#
# There is insufficient memory for the Java Runtime Environment to continue.
# Native memory allocation (malloc) failed to allocate 1464192 bytes for Chunk::new
# Possible reasons:
#   The system is out of physical RAM or swap space
#   The process is running with CompressedOops enabled, and the Java Heap may be blocking the growth of the native heap
# Possible solutions:
#   Reduce memory load on the system
#   Increase physical memory or swap space
#   Check if swap backing store is full
#   Decrease Java heap size (-Xmx/-Xms)
#   Decrease number of Java threads
#   Decrease Java thread stack sizes (-Xss)
#   Set larger code cache with -XX:ReservedCodeCacheSize=
#   JVM is running with Unscaled Compressed Oops mode in which the Java heap is
#     placed in the first 4GB address space. The Java Heap base address is the
#     maximum limit for the native heap growth. Please use -XX:HeapBaseMinAddress
#     to set the Java Heap base and to place the Java Heap above 4GB virtual address.
# This output file may be truncated or incomplete.
#
#  Out of Memory Error (allocation.cpp:389), pid=8488, tid=0x000000000000480c
#
# JRE version: OpenJDK Runtime Environment (8.0) (build 1.8.0-25-microsoft-b00)
# Java VM: OpenJDK 64-Bit Server VM (25.71-b00 mixed mode windows-amd64 compressed oops)
# Failed to write core dump. Minidumps are not enabled by default on client versions of Windows
#

---------------  T H R E A D  ---------------

Current thread (0x0000000019a41800):  JavaThread "C2 CompilerThread0" daemon [_thread_in_native, id=18444, stack(0x000000001a310000,0x000000001a410000)]

Stack: [0x000000001a310000,0x000000001a410000]
[error occurred during error reporting (printing stack bounds), id 0xc0000005]

Native frames: (J=compiled Java code, j=interpreted, Vv=VM code, C=native code)


Current CompileTask:
C2:   3836 1797   !   4       com.sun.tools.javac.code.Symbol$VarSymbol::getConstValue (73 bytes)


---------------  P R O C E S S  ---------------

Java Threads: ( => current thread )
  0x0000000019ad1000 JavaThread "Service Thread" daemon [_thread_blocked, id=10440, stack(0x000000001a710000,0x000000001a810000)]
  0x0000000019a5a000 JavaThread "C1 CompilerThread3" daemon [_thread_blocked, id=7012, stack(0x000000001a610000,0x000000001a710000)]
  0x0000000019a48000 JavaThread "C2 CompilerThread2" daemon [_thread_in_native, id=17424, stack(0x000000001a510000,0x000000001a610000)]
  0x0000000019a43800 JavaThread "C2 CompilerThread1" daemon [_thread_in_native, id=14092, stack(0x000000001a410000,0x000000001a510000)]
=>0x0000000019a41800 JavaThread "C2 CompilerThread0" daemon [_thread_in_native, id=18444, stack(0x000000001a310000,0x000000001a410000)]
  0x0000000019a3f000 JavaThread "Attach Listener" daemon [_thread_blocked, id=14684, stack(0x000000001a210000,0x000000001a310000)]
  0x0000000019a3e000 JavaThread "Signal Dispatcher" daemon [_thread_blocked, id=232, stack(0x000000001a110000,0x000000001a210000)]
  0x00000000030fe800 JavaThread "Finalizer" daemon [_thread_blocked, id=6264, stack(0x0000000019f10000,0x000000001a010000)]
  0x00000000030f7800 JavaThread "Reference Handler" daemon [_thread_blocked, id=5288, stack(0x0000000019e10000,0x0000000019f10000)]
  0x000000000167e000 JavaThread "main" [_thread_in_Java, id=1424, stack(0x0000000002e80000,0x0000000002f80000)]

Other Threads:
  0x0000000017c28800 VMThread [stack: 0x0000000019910000,0x0000000019a10000] [id=13676]
  0x0000000019ad1800 WatcherThread [stack: 0x000000001a810000,0x000000001a910000] [id=4684]

VM state:not at safepoint (normal execution)

VM Mutex/Monitor currently owned by a thread: None

heap address: 0x0000000089000000, size: 1904 MB, Compressed Oops mode: 32-bit
Narrow klass base: 0x0000000000000000, Narrow klass shift: 3
Compressed class space size: 1073741824 Address: 0x0000000100000000

Heap:
 PSYoungGen      total 24064K, used 16725K [0x00000000d8580000, 0x00000000da780000, 0x0000000100000000)
  eden space 14336K, 71% used [0x00000000d8580000,0x00000000d8f7fed0,0x00000000d9380000)
  from space 9728K, 66% used [0x00000000d9d80000,0x00000000da3d55d0,0x00000000da700000)
  to   space 10240K, 0% used [0x00000000d9380000,0x00000000d9380000,0x00000000d9d80000)
 ParOldGen       total 47104K, used 29917K [0x0000000089000000, 0x000000008be00000, 0x00000000d8580000)
  object space 47104K, 63% used [0x0000000089000000,0x000000008ad37400,0x000000008be00000)
 Metaspace       used 9241K, capacity 9876K, committed 9984K, reserved 1058816K
  class space    used 966K, capacity 976K, committed 1024K, reserved 1048576K

Card table byte_map: [0x00000000124c0000,0x0000000012880000] byte_map_base: 0x0000000012078000

Marking Bits: (ParMarkBitMap*) 0x0000000052968f30
 Begin Bits: [0x0000000013300000, 0x00000000150c0000)
 End Bits:   [0x00000000150c0000, 0x0000000016e80000)

Polling page: 0x0000000001640000

CodeCache: size=245760Kb used=9448Kb max_used=9459Kb free=236311Kb
 bounds [0x0000000003100000, 0x0000000003a50000, 0x0000000012100000]
 total_blobs=2511 nmethods=2215 adapters=209
 compilation: enabled

Compilation events (10 events):
Event: 3.814 Thread 0x0000000019a5a000 2232       3       com.sun.tools.javac.comp.MemberEnter$TypeAnnotate::annotateTypeLater (34 bytes)
Event: 3.815 Thread 0x0000000019a5a000 nmethod 2232 0x0000000003a38510 code [0x0000000003a386c0, 0x0000000003a38a88]
Event: 3.815 Thread 0x0000000019a5a000 2233       3       com.sun.tools.javac.comp.Attr$TypeAnnotationsValidator::visitNewArray (75 bytes)
Event: 3.815 Thread 0x0000000019a5a000 nmethod 2233 0x0000000003a37b10 code [0x0000000003a37cc0, 0x0000000003a382b8]
Event: 3.818 Thread 0x0000000019a5a000 2235       3       com.sun.tools.javac.comp.Flow$AssignAnalyzer::visitNewArray (17 bytes)
Event: 3.820 Thread 0x0000000019a48000 nmethod 2223 0x0000000003a44290 code [0x0000000003a44400, 0x0000000003a446a8]
Event: 3.820 Thread 0x0000000019a5a000 nmethod 2235 0x0000000003a42c90 code [0x0000000003a42ee0, 0x0000000003a43c78]
Event: 3.820 Thread 0x0000000019a48000 2234       4       com.sun.tools.javac.code.Lint::augment (58 bytes)
Event: 3.827 Thread 0x0000000019a5a000 2236       3       com.sun.tools.javac.comp.CompileStates$CompileState::isAfter (17 bytes)
Event: 3.828 Thread 0x0000000019a5a000 nmethod 2236 0x0000000003a428d0 code [0x0000000003a42a20, 0x0000000003a42bd0]

GC Heap History (10 events):
Event: 1.777 GC heap before
{Heap before GC invocations=13 (full 3):
 PSYoungGen      total 16896K, used 14760K [0x00000000d8580000, 0x00000000d9e00000, 0x0000000100000000)
  eden space 13312K, 100% used [0x00000000d8580000,0x00000000d9280000,0x00000000d9280000)
  from space 3584K, 40% used [0x00000000d9800000,0x00000000d996a390,0x00000000d9b80000)
  to   space 5632K, 0% used [0x00000000d9280000,0x00000000d9280000,0x00000000d9800000)
 ParOldGen       total 26112K, used 15984K [0x0000000089000000, 0x000000008a980000, 0x00000000d8580000)
  object space 26112K, 61% used [0x0000000089000000,0x0000000089f9c060,0x000000008a980000)
 Metaspace       used 7846K, capacity 8660K, committed 8960K, reserved 1056768K
  class space    used 876K, capacity 912K, committed 1024K, reserved 1048576K
Event: 1.788 GC heap after
Heap after GC invocations=13 (full 3):
 PSYoungGen      total 18944K, used 5623K [0x00000000d8580000, 0x00000000da380000, 0x0000000100000000)
  eden space 13312K, 0% used [0x00000000d8580000,0x00000000d8580000,0x00000000d9280000)
  from space 5632K, 99% used [0x00000000d9280000,0x00000000d97fde78,0x00000000d9800000)
  to   space 7680K, 0% used [0x00000000d9c00000,0x00000000d9c00000,0x00000000da380000)
 ParOldGen       total 26112K, used 17846K [0x0000000089000000, 0x000000008a980000, 0x00000000d8580000)
  object space 26112K, 68% used [0x0000000089000000,0x000000008a16da48,0x000000008a980000)
 Metaspace       used 7846K, capacity 8660K, committed 8960K, reserved 1056768K
  class space    used 876K, capacity 912K, committed 1024K, reserved 1048576K
}
Event: 1.926 GC heap before
{Heap before GC invocations=14 (full 3):
 PSYoungGen      total 18944K, used 18935K [0x00000000d8580000, 0x00000000da380000, 0x0000000100000000)
  eden space 13312K, 100% used [0x00000000d8580000,0x00000000d9280000,0x00000000d9280000)
  from space 5632K, 99% used [0x00000000d9280000,0x00000000d97fde78,0x00000000d9800000)
  to   space 7680K, 0% used [0x00000000d9c00000,0x00000000d9c00000,0x00000000da380000)
 ParOldGen       total 26112K, used 17846K [0x0000000089000000, 0x000000008a980000, 0x00000000d8580000)
  object space 26112K, 68% used [0x0000000089000000,0x000000008a16da48,0x000000008a980000)
 Metaspace       used 7944K, capacity 8788K, committed 8960K, reserved 1056768K
  class space    used 878K, capacity 912K, committed 1024K, reserved 1048576K
Event: 1.939 GC heap after
Heap after GC invocations=14 (full 3):
 PSYoungGen      total 20480K, used 7663K [0x00000000d8580000, 0x00000000da880000, 0x0000000100000000)
  eden space 12800K, 0% used [0x00000000d8580000,0x00000000d8580000,0x00000000d9200000)
  from space 7680K, 99% used [0x00000000d9c00000,0x00000000da37bc10,0x00000000da380000)
  to   space 10240K, 0% used [0x00000000d9200000,0x00000000d9200000,0x00000000d9c00000)
 ParOldGen       total 26112K, used 21341K [0x0000000089000000, 0x000000008a980000, 0x00000000d8580000)
  object space 26112K, 81% used [0x0000000089000000,0x000000008a4d7678,0x000000008a980000)
 Metaspace       used 7944K, capacity 8788K, committed 8960K, reserved 1056768K
  class space    used 878K, capacity 912K, committed 1024K, reserved 1048576K
}
Event: 2.207 GC heap before
{Heap before GC invocations=15 (full 3):
 PSYoungGen      total 20480K, used 19798K [0x00000000d8580000, 0x00000000da880000, 0x0000000100000000)
  eden space 12800K, 94% used [0x00000000d8580000,0x00000000d9159e30,0x00000000d9200000)
  from space 7680K, 99% used [0x00000000d9c00000,0x00000000da37bc10,0x00000000da380000)
  to   space 10240K, 0% used [0x00000000d9200000,0x00000000d9200000,0x00000000d9c00000)
 ParOldGen       total 26112K, used 21341K [0x0000000089000000, 0x000000008a980000, 0x00000000d8580000)
  object space 26112K, 81% used [0x0000000089000000,0x000000008a4d7678,0x000000008a980000)
 Metaspace       used 8062K, capacity 8852K, committed 9216K, reserved 1056768K
  class space    used 878K, capacity 912K, committed 1024K, reserved 1048576K
Event: 2.226 GC heap after
Heap after GC invocations=15 (full 3):
 PSYoungGen      total 23040K, used 4662K [0x00000000d8580000, 0x00000000da700000, 0x0000000100000000)
  eden space 12800K, 0% used [0x00000000d8580000,0x00000000d8580000,0x00000000d9200000)
  from space 10240K, 45% used [0x00000000d9200000,0x00000000d968da80,0x00000000d9c00000)
  to   space 9728K, 0% used [0x00000000d9d80000,0x00000000d9d80000,0x00000000da700000)
 ParOldGen       total 30208K, used 29053K [0x0000000089000000, 0x000000008ad80000, 0x00000000d8580000)
  object space 30208K, 96% used [0x0000000089000000,0x000000008ac5f7a8,0x000000008ad80000)
 Metaspace       used 8062K, capacity 8852K, committed 9216K, reserved 1056768K
  class space    used 878K, capacity 912K, committed 1024K, reserved 1048576K
}
Event: 2.226 GC heap before
{Heap before GC invocations=16 (full 4):
 PSYoungGen      total 23040K, used 4662K [0x00000000d8580000, 0x00000000da700000, 0x0000000100000000)
  eden space 12800K, 0% used [0x00000000d8580000,0x00000000d8580000,0x00000000d9200000)
  from space 10240K, 45% used [0x00000000d9200000,0x00000000d968da80,0x00000000d9c00000)
  to   space 9728K, 0% used [0x00000000d9d80000,0x00000000d9d80000,0x00000000da700000)
 ParOldGen       total 30208K, used 29053K [0x0000000089000000, 0x000000008ad80000, 0x00000000d8580000)
  object space 30208K, 96% used [0x0000000089000000,0x000000008ac5f7a8,0x000000008ad80000)
 Metaspace       used 8062K, capacity 8852K, committed 9216K, reserved 1056768K
  class space    used 878K, capacity 912K, committed 1024K, reserved 1048576K
Event: 2.607 GC heap after
Heap after GC invocations=16 (full 4):
 PSYoungGen      total 23040K, used 2964K [0x00000000d8580000, 0x00000000da700000, 0x0000000100000000)
  eden space 12800K, 0% used [0x00000000d8580000,0x00000000d8580000,0x00000000d9200000)
  from space 10240K, 28% used [0x00000000d9200000,0x00000000d94e5150,0x00000000d9c00000)
  to   space 9728K, 0% used [0x00000000d9d80000,0x00000000d9d80000,0x00000000da700000)
 ParOldGen       total 47104K, used 29909K [0x0000000089000000, 0x000000008be00000, 0x00000000d8580000)
  object space 47104K, 63% used [0x0000000089000000,0x000000008ad35400,0x000000008be00000)
 Metaspace       used 8062K, capacity 8852K, committed 9216K, reserved 1056768K
  class space    used 878K, capacity 912K, committed 1024K, reserved 1048576K
}
Event: 2.814 GC heap before
{Heap before GC invocations=17 (full 4):
 PSYoungGen      total 23040K, used 15764K [0x00000000d8580000, 0x00000000da700000, 0x0000000100000000)
  eden space 12800K, 100% used [0x00000000d8580000,0x00000000d9200000,0x00000000d9200000)
  from space 10240K, 28% used [0x00000000d9200000,0x00000000d94e5150,0x00000000d9c00000)
  to   space 9728K, 0% used [0x00000000d9d80000,0x00000000d9d80000,0x00000000da700000)
 ParOldGen       total 47104K, used 29909K [0x0000000089000000, 0x000000008be00000, 0x00000000d8580000)
  object space 47104K, 63% used [0x0000000089000000,0x000000008ad35400,0x000000008be00000)
 Metaspace       used 8495K, capacity 9204K, committed 9472K, reserved 1058816K
  class space    used 918K, capacity 944K, committed 1024K, reserved 1048576K
Event: 2.824 GC heap after
Heap after GC invocations=17 (full 4):
 PSYoungGen      total 24064K, used 6485K [0x00000000d8580000, 0x00000000da780000, 0x0000000100000000)
  eden space 14336K, 0% used [0x00000000d8580000,0x00000000d8580000,0x00000000d9380000)
  from space 9728K, 66% used [0x00000000d9d80000,0x00000000da3d55d0,0x00000000da700000)
  to   space 10240K, 0% used [0x00000000d9380000,0x00000000d9380000,0x00000000d9d80000)
 ParOldGen       total 47104K, used 29917K [0x0000000089000000, 0x000000008be00000, 0x00000000d8580000)
  object space 47104K, 63% used [0x0000000089000000,0x000000008ad37400,0x000000008be00000)
 Metaspace       used 8495K, capacity 9204K, committed 9472K, reserved 1058816K
  class space    used 918K, capacity 944K, committed 1024K, reserved 1048576K
}

Deoptimization events (10 events):
Event: 3.083 Thread 0x000000000167e000 Uncommon trap: reason=class_check action=maybe_recompile pc=0x0000000003635d4c method=com.sun.tools.javac.tree.TreeInfo.isEnumInit(Lcom/sun/tools/javac/tree/JCTree;)Z @ 4
Event: 3.093 Thread 0x000000000167e000 Uncommon trap: reason=unstable_if action=reinterpret pc=0x0000000003870228 method=com.sun.tools.javac.jvm.Pool.makePoolValue(Ljava/lang/Object;)Ljava/lang/Object; @ 73
Event: 3.103 Thread 0x000000000167e000 Uncommon trap: reason=class_check action=maybe_recompile pc=0x0000000003635d4c method=com.sun.tools.javac.tree.TreeInfo.isEnumInit(Lcom/sun/tools/javac/tree/JCTree;)Z @ 4
Event: 3.154 Thread 0x000000000167e000 Uncommon trap: reason=unstable_if action=reinterpret pc=0x000000000383e248 method=com.sun.tools.javac.code.Scope.lookup(Lcom/sun/tools/javac/util/Name;Lcom/sun/tools/javac/util/Filter;)Lcom/sun/tools/javac/code/Scope$Entry; @ 19
Event: 3.166 Thread 0x000000000167e000 Uncommon trap: reason=class_check action=maybe_recompile pc=0x0000000003635d4c method=com.sun.tools.javac.tree.TreeInfo.isEnumInit(Lcom/sun/tools/javac/tree/JCTree;)Z @ 4
Event: 3.779 Thread 0x000000000167e000 Uncommon trap: reason=unstable_if action=reinterpret pc=0x000000000397453c method=com.sun.tools.javac.code.Symbol.getDeclarationAttributes()Lcom/sun/tools/javac/util/List; @ 4
Event: 3.780 Thread 0x000000000167e000 Uncommon trap: reason=class_check action=maybe_recompile pc=0x0000000003975c3c method=com.sun.tools.javac.code.Lint$AugmentVisitor.augment(Lcom/sun/tools/javac/code/Lint;Lcom/sun/tools/javac/util/List;)Lcom/sun/tools/javac/code/Lint; @ 20
Event: 3.780 Thread 0x000000000167e000 Uncommon trap: reason=class_check action=maybe_recompile pc=0x0000000003975c3c method=com.sun.tools.javac.code.Lint$AugmentVisitor.augment(Lcom/sun/tools/javac/code/Lint;Lcom/sun/tools/javac/util/List;)Lcom/sun/tools/javac/code/Lint; @ 20
Event: 3.780 Thread 0x000000000167e000 Uncommon trap: reason=class_check action=maybe_recompile pc=0x0000000003975c3c method=com.sun.tools.javac.code.Lint$AugmentVisitor.augment(Lcom/sun/tools/javac/code/Lint;Lcom/sun/tools/javac/util/List;)Lcom/sun/tools/javac/code/Lint; @ 20
Event: 3.782 Thread 0x000000000167e000 Uncommon trap: reason=class_check action=maybe_recompile pc=0x0000000003975c3c method=com.sun.tools.javac.code.Lint$AugmentVisitor.augment(Lcom/sun/tools/javac/code/Lint;Lcom/sun/tools/javac/util/List;)Lcom/sun/tools/javac/code/Lint; @ 20

Classes redefined (0 events):
No events

Internal exceptions (10 events):
Event: 0.032 Thread 0x000000000167e000 Exception <a 'java/lang/NoSuchMethodError': Method sun.misc.Unsafe.defineClass(Ljava/lang/String;[BII)Ljava/lang/Class; name or signature does not match> (0x00000000d8587cd8) thrown at [D:\j\worksp~1\openjd~3\jdk8u\hotspot\src\share\vm\prims\jni.cpp, line
Event: 0.032 Thread 0x000000000167e000 Exception <a 'java/lang/NoSuchMethodError': Method sun.misc.Unsafe.prefetchRead(Ljava/lang/Object;J)V name or signature does not match> (0x00000000d8587fc0) thrown at [D:\j\worksp~1\openjd~3\jdk8u\hotspot\src\share\vm\prims\jni.cpp, line 4012]
Event: 0.140 Thread 0x000000000167e000 Exception <a 'java/security/PrivilegedActionException'> (0x00000000d86f4da8) thrown at [D:\j\worksp~1\openjd~3\jdk8u\hotspot\src\share\vm\prims\jvm.cpp, line 1508]
Event: 0.140 Thread 0x000000000167e000 Exception <a 'java/security/PrivilegedActionException'> (0x00000000d86f51a0) thrown at [D:\j\worksp~1\openjd~3\jdk8u\hotspot\src\share\vm\prims\jvm.cpp, line 1508]
Event: 0.141 Thread 0x000000000167e000 Exception <a 'java/security/PrivilegedActionException'> (0x00000000d86f96a8) thrown at [D:\j\worksp~1\openjd~3\jdk8u\hotspot\src\share\vm\prims\jvm.cpp, line 1508]
Event: 0.141 Thread 0x000000000167e000 Exception <a 'java/security/PrivilegedActionException'> (0x00000000d86f9aa0) thrown at [D:\j\worksp~1\openjd~3\jdk8u\hotspot\src\share\vm\prims\jvm.cpp, line 1508]
Event: 0.141 Thread 0x000000000167e000 Exception <a 'java/security/PrivilegedActionException'> (0x00000000d86fb3c8) thrown at [D:\j\worksp~1\openjd~3\jdk8u\hotspot\src\share\vm\prims\jvm.cpp, line 1508]
Event: 0.141 Thread 0x000000000167e000 Exception <a 'java/security/PrivilegedActionException'> (0x00000000d86fb7c0) thrown at [D:\j\worksp~1\openjd~3\jdk8u\hotspot\src\share\vm\prims\jvm.cpp, line 1508]
Event: 0.149 Thread 0x000000000167e000 Exception <a 'java/security/PrivilegedActionException'> (0x00000000d85892d0) thrown at [D:\j\worksp~1\openjd~3\jdk8u\hotspot\src\share\vm\prims\jvm.cpp, line 1508]
Event: 0.149 Thread 0x000000000167e000 Exception <a 'java/security/PrivilegedActionException'> (0x00000000d85b26c8) thrown at [D:\j\worksp~1\openjd~3\jdk8u\hotspot\src\share\vm\prims\jvm.cpp, line 1508]

Events (10 events):
Event: 3.780 Thread 0x000000000167e000 DEOPT UNPACKING pc=0x000000000314557b sp=0x0000000002f7e528 mode 2
Event: 3.780 Thread 0x000000000167e000 Uncommon trap: trap_request=0xffffffde fr.pc=0x0000000003975c3c
Event: 3.780 Thread 0x000000000167e000 DEOPT PACKING pc=0x0000000003975c3c sp=0x0000000002f7e580
Event: 3.780 Thread 0x000000000167e000 DEOPT UNPACKING pc=0x000000000314557b sp=0x0000000002f7e528 mode 2
Event: 3.780 Thread 0x000000000167e000 Uncommon trap: trap_request=0xffffffde fr.pc=0x0000000003975c3c
Event: 3.780 Thread 0x000000000167e000 DEOPT PACKING pc=0x0000000003975c3c sp=0x0000000002f7e580
Event: 3.780 Thread 0x000000000167e000 DEOPT UNPACKING pc=0x000000000314557b sp=0x0000000002f7e528 mode 2
Event: 3.782 Thread 0x000000000167e000 Uncommon trap: trap_request=0xffffffde fr.pc=0x0000000003975c3c
Event: 3.782 Thread 0x000000000167e000 DEOPT PACKING pc=0x0000000003975c3c sp=0x0000000002f7e550
Event: 3.782 Thread 0x000000000167e000 DEOPT UNPACKING pc=0x000000000314557b sp=0x0000000002f7e4e0 mode 2


Dynamic libraries:
0x00007ff7887b0000 - 0x00007ff7887b7000 	C:\Program Files\Android\Jdk\microsoft_dist_openjdk_1.8.0.25\bin\javac.exe
0x00007ffaabf40000 - 0x00007ffaac130000 	C:\Windows\SYSTEM32\ntdll.dll
0x00007ffaaaa80000 - 0x00007ffaaab32000 	C:\Windows\System32\KERNEL32.DLL
0x00007ffaa9910000 - 0x00007ffaa9bb5000 	C:\Windows\System32\KERNELBASE.dll
0x00007ffaa0ca0000 - 0x00007ffaa0ccf000 	C:\Program Files\Android\Jdk\microsoft_dist_openjdk_1.8.0.25\bin\jli.dll
0x0000000052ad0000 - 0x0000000052ba1000 	C:\Program Files\Android\Jdk\microsoft_dist_openjdk_1.8.0.25\bin\MSVCR100.dll
0x00007ffaaa280000 - 0x00007ffaaa323000 	C:\Windows\System32\ADVAPI32.dll
0x00007ffaaab40000 - 0x00007ffaaabde000 	C:\Windows\System32\msvcrt.dll
0x00007ffaaa590000 - 0x00007ffaaa627000 	C:\Windows\System32\sechost.dll
0x00007ffaaa630000 - 0x00007ffaaa74f000 	C:\Windows\System32\RPCRT4.dll
0x00007ffaab3f0000 - 0x00007ffaab584000 	C:\Windows\System32\USER32.dll
0x00007ffaa9bc0000 - 0x00007ffaa9be1000 	C:\Windows\System32\win32u.dll
0x00007ffa92a30000 - 0x00007ffa92cb4000 	C:\Windows\WinSxS\amd64_microsoft.windows.common-controls_6595b64144ccf1df_6.0.18362.1440_none_9e7dbfb9e45e8e67\COMCTL32.dll
0x00007ffaaa560000 - 0x00007ffaaa586000 	C:\Windows\System32\GDI32.dll
0x00007ffaab5a0000 - 0x00007ffaab8d6000 	C:\Windows\System32\combase.dll
0x00007ffaa9630000 - 0x00007ffaa97c8000 	C:\Windows\System32\gdi32full.dll
0x00007ffaa9e50000 - 0x00007ffaa9f4a000 	C:\Windows\System32\ucrtbase.dll
0x00007ffaa9bf0000 - 0x00007ffaa9c8e000 	C:\Windows\System32\msvcp_win.dll
0x00007ffaa9880000 - 0x00007ffaa9901000 	C:\Windows\System32\bcryptPrimitives.dll
0x00007ffaaabe0000 - 0x00007ffaaac0e000 	C:\Windows\System32\IMM32.DLL
0x00000000529f0000 - 0x0000000052ac1000 	C:\Program Files\Android\Jdk\microsoft_dist_openjdk_1.8.0.25\jre\bin\msvcr100.dll
0x00000000521a0000 - 0x00000000529e5000 	C:\Program Files\Android\Jdk\microsoft_dist_openjdk_1.8.0.25\jre\bin\server\jvm.dll
0x00007ffaaaa00000 - 0x00007ffaaaa08000 	C:\Windows\System32\PSAPI.DLL
0x00007ffaa6b50000 - 0x00007ffaa6b59000 	C:\Windows\SYSTEM32\WSOCK32.dll
0x00007ffaa6570000 - 0x00007ffaa6594000 	C:\Windows\SYSTEM32\WINMM.dll
0x00007ffaa1640000 - 0x00007ffaa164a000 	C:\Windows\SYSTEM32\VERSION.dll
0x00007ffaaaa10000 - 0x00007ffaaaa7f000 	C:\Windows\System32\WS2_32.dll
0x00007ffaa6330000 - 0x00007ffaa635d000 	C:\Windows\SYSTEM32\winmmbase.dll
0x00007ffaa9fa0000 - 0x00007ffaa9fea000 	C:\Windows\System32\cfgmgr32.dll
0x00007ffaa54f0000 - 0x00007ffaa54ff000 	C:\Program Files\Android\Jdk\microsoft_dist_openjdk_1.8.0.25\jre\bin\verify.dll
0x00007ffaa0c70000 - 0x00007ffaa0c99000 	C:\Program Files\Android\Jdk\microsoft_dist_openjdk_1.8.0.25\jre\bin\java.dll
0x00007ffaa0b30000 - 0x00007ffaa0b46000 	C:\Program Files\Android\Jdk\microsoft_dist_openjdk_1.8.0.25\jre\bin\zip.dll
0x00007ffaaaca0000 - 0x00007ffaab388000 	C:\Windows\System32\SHELL32.dll
0x00007ffaaa3e0000 - 0x00007ffaaa487000 	C:\Windows\System32\shcore.dll
0x00007ffaa8eb0000 - 0x00007ffaa962b000 	C:\Windows\System32\windows.storage.dll
0x00007ffaa8e20000 - 0x00007ffaa8e3e000 	C:\Windows\System32\profapi.dll
0x00007ffaa8e60000 - 0x00007ffaa8eaa000 	C:\Windows\System32\powrprof.dll
0x00007ffaa8df0000 - 0x00007ffaa8e00000 	C:\Windows\System32\UMPDC.dll
0x00007ffaab390000 - 0x00007ffaab3e2000 	C:\Windows\System32\shlwapi.dll
0x00007ffaa8e40000 - 0x00007ffaa8e51000 	C:\Windows\System32\kernel.appcore.dll
0x00007ffaa9f80000 - 0x00007ffaa9f97000 	C:\Windows\System32\cryptsp.dll

VM Arguments:
jvm_args: -Dapplication.home=C:\Program Files\Android\Jdk\microsoft_dist_openjdk_1.8.0.25 -Xms8m -Dfile.encoding=UTF8 
java_command: com.sun.tools.javac.Main @C:\Users\darau\AppData\Local\Temp\tmpA98D.tmp -target 1.8 -source 1.8
java_class_path (initial): C:\Program Files\Android\Jdk\microsoft_dist_openjdk_1.8.0.25/lib/tools.jar;C:\Program Files\Android\Jdk\microsoft_dist_openjdk_1.8.0.25/classes
Launcher Type: SUN_STANDARD

Environment Variables:
PATH=C:\Program Files\Android\Jdk\microsoft_dist_openjdk_1.8.0.25\bin;C:\Program Files (x86)\Common Files\Oracle\Java\javapath;C:\Windows\system32;C:\Windows;C:\Windows\System32\Wbem;C:\Windows\System32\WindowsPowerShell\v1.0\;C:\Windows\System32\OpenSSH\;D:\Apps\Git\cmd;D:\Apps\Matlab\bin;C:\Program Files\dotnet\;C:\Users\darau\AppData\Local\Microsoft\WindowsApps;;D:\Apps\Microsoft VS Code\bin;C:\Users\darau\.dotnet\tools
USERNAME=darau
OS=Windows_NT
PROCESSOR_IDENTIFIER=Intel64 Family 6 Model 142 Stepping 10, GenuineIntel



---------------  S Y S T E M  ---------------

OS: Windows 10.0 , 64 bit Build 18362 (10.0.18362.1350)

CPU:total 8 (initial active 8) (4 cores per cpu, 2 threads per core) family 6 model 142 stepping 10, cmov, cx8, fxsr, mmx, sse, sse2, sse3, ssse3, sse4.1, sse4.2, popcnt, avx, avx2, aes, clmul, erms, 3dnowpref, lzcnt, ht, tsc, tscinvbit, bmi1, bmi2, adx

Memory: 4k page, physical 7793800k(464052k free), swap 15291908k(9676k free)

vm_info: OpenJDK 64-Bit Server VM (25.71-b00) for windows-amd64 JRE (1.8.0-25-microsoft-b00), built on Feb  7 2019 20:09:14 by "builder" with MS VC++ 10.0 (VS2010)

time: Sat Mar 20 16:20:45 2021
timezone: GTB Standard Time
elapsed time: 3 seconds (0d 0h 0m 3s)

